[debug] [2026-04-30T06:04:17.267Z] ----------------------------------------------------------------------
[debug] [2026-04-30T06:04:17.271Z] Command:       C:\Program Files\nodejs\node.exe C:\Users\MikhaiLev\AppData\Roaming\npm\node_modules\firebase-tools\lib\bin\firebase.js emulators:start --only auth,firestore
[debug] [2026-04-30T06:04:17.271Z] CLI Version:   15.15.0
[debug] [2026-04-30T06:04:17.271Z] Platform:      win32
[debug] [2026-04-30T06:04:17.271Z] Node Version:  v24.13.0
[debug] [2026-04-30T06:04:17.271Z] Time:          Thu Apr 30 2026 14:04:17 GMT+0800 (Singapore Standard Time)
[debug] [2026-04-30T06:04:17.271Z] ----------------------------------------------------------------------
[debug] 
[debug] [2026-04-30T06:05:21.871Z] Object "" in "firebase.json" has unknown property: {"additionalProperty":"projects"}
[debug] [2026-04-30T06:05:21.876Z] > command requires scopes: ["email","openid","https://www.googleapis.com/auth/cloudplatformprojects.readonly","https://www.googleapis.com/auth/firebase","https://www.googleapis.com/auth/cloud-platform"]
[debug] [2026-04-30T06:05:21.876Z] > authorizing via signed-in user (aguilarlevymikhail@gmail.com)
[debug] [2026-04-30T06:05:23.099Z] openjdk version "25.0.3" 2026-04-21 LTS
OpenJDK Runtime Environment Temurin-25.0.3+9 (build 25.0.3+9-LTS)

[debug] [2026-04-30T06:05:23.100Z] OpenJDK 64-Bit Server VM Temurin-25.0.3+9 (build 25.0.3+9-LTS, mixed mode, sharing)

[debug] [2026-04-30T06:05:23.163Z] Parsed Java major version: 25
[info] i  emulators: Starting emulators: auth, firestore {"metadata":{"emulator":{"name":"hub"},"message":"Starting emulators: auth, firestore"}}
[info] i  emulators: Detected demo project ID "demo-no-project", emulated services will use a demo configuration and attempts to access non-emulated services for this project will fail. {"metadata":{"emulator":{"name":"hub"},"message":"Detected demo project ID \"demo-no-project\", emulated services will use a demo configuration and attempts to access non-emulated services for this project will fail."}}
[debug] [2026-04-30T06:05:23.191Z] [logging] Logging Emulator only supports listening on one address (127.0.0.1). Not listening on ::1
[debug] [2026-04-30T06:05:23.191Z] [auth] Authentication Emulator only supports listening on one address (127.0.0.1). Not listening on ::1
[debug] [2026-04-30T06:05:23.191Z] [firestore] Firestore Emulator only supports listening on one address (127.0.0.1). Not listening on ::1
[debug] [2026-04-30T06:05:23.191Z] [firestore.websocket] websocket server for firestore only supports listening on one address (127.0.0.1). Not listening on ::1
[debug] [2026-04-30T06:05:23.191Z] assigned listening specs for emulators {"user":{"hub":[{"address":"127.0.0.1","family":"IPv4","port":4400},{"address":"::1","family":"IPv6","port":4400}],"ui":[{"address":"127.0.0.1","family":"IPv4","port":4000},{"address":"::1","family":"IPv6","port":4000}],"logging":[{"address":"127.0.0.1","family":"IPv4","port":4500}],"auth":[{"address":"127.0.0.1","family":"IPv4","port":9099}],"firestore":[{"address":"127.0.0.1","family":"IPv4","port":8080}],"firestore.websocket":[{"address":"127.0.0.1","family":"IPv4","port":9150}]},"metadata":{"message":"assigned listening specs for emulators"}}
[debug] [2026-04-30T06:05:23.195Z] Write emulator hub locator at C:\Users\MIKHAI~1\AppData\Local\Temp\hub-demo-no-project.json
[debug] [2026-04-30T06:05:23.367Z] Ignoring unsupported arg: auto_download {"metadata":{"emulator":{"name":"firestore"},"message":"Ignoring unsupported arg: auto_download"}}
[debug] [2026-04-30T06:05:23.367Z] Ignoring unsupported arg: single_project_mode_error {"metadata":{"emulator":{"name":"firestore"},"message":"Ignoring unsupported arg: single_project_mode_error"}}
[debug] [2026-04-30T06:05:23.367Z] Starting Firestore Emulator with command {"binary":"java","args":["-Dgoogle.cloud_firestore.debug_log_level=FINE","-Duser.language=en","-jar","C:\\Users\\MikhaiLev\\.cache\\firebase\\emulators\\cloud-firestore-emulator-v1.20.4.jar","--host","127.0.0.1","--port",8080,"--websocket_port",9150,"--database-edition","standard","--project_id","demo-no-project","--rules","C:\\Users\\MikhaiLev\\Inventory-Management-System\\firestore.rules","--single_project_mode",true],"optionalArgs":["port","webchannel_port","host","rules","websocket_port","database-edition","functions_emulator","seed_from_export","project_id","single_project_mode"],"joinArgs":false,"shell":false,"port":8080} {"metadata":{"emulator":{"name":"firestore"},"message":"Starting Firestore Emulator with command {\"binary\":\"java\",\"args\":[\"-Dgoogle.cloud_firestore.debug_log_level=FINE\",\"-Duser.language=en\",\"-jar\",\"C:\\\\Users\\\\MikhaiLev\\\\.cache\\\\firebase\\\\emulators\\\\cloud-firestore-emulator-v1.20.4.jar\",\"--host\",\"127.0.0.1\",\"--port\",8080,\"--websocket_port\",9150,\"--database-edition\",\"standard\",\"--project_id\",\"demo-no-project\",\"--rules\",\"C:\\\\Users\\\\MikhaiLev\\\\Inventory-Management-System\\\\firestore.rules\",\"--single_project_mode\",true],\"optionalArgs\":[\"port\",\"webchannel_port\",\"host\",\"rules\",\"websocket_port\",\"database-edition\",\"functions_emulator\",\"seed_from_export\",\"project_id\",\"single_project_mode\"],\"joinArgs\":false,\"shell\":false,\"port\":8080}"}}
[info] i  firestore: Firestore Emulator logging to firestore-debug.log {"metadata":{"emulator":{"name":"firestore"},"message":"Firestore Emulator logging to \u001b[1mfirestore-debug.log\u001b[22m"}}
[debug] [2026-04-30T06:05:25.229Z] WARNING: A terminally deprecated method in sun.misc.Unsafe has been called
WARNING: sun.misc.Unsafe::allocateMemory has been called by io.netty.util.internal.PlatformDependent0$2 (file:/C:/Users/MikhaiLev/.cache/firebase/emulators/cloud-firestore-emulator-v1.20.4.jar)
WARNING: Please consider reporting this to the maintainers of class io.netty.util.internal.PlatformDependent0$2
WARNING: sun.misc.Unsafe::allocateMemory will be removed in a future release
 {"metadata":{"emulator":{"name":"firestore"},"message":"WARNING: A terminally deprecated method in sun.misc.Unsafe has been called\nWARNING: sun.misc.Unsafe::allocateMemory has been called by io.netty.util.internal.PlatformDependent0$2 (file:/C:/Users/MikhaiLev/.cache/firebase/emulators/cloud-firestore-emulator-v1.20.4.jar)\nWARNING: Please consider reporting this to the maintainers of class io.netty.util.internal.PlatformDependent0$2\nWARNING: sun.misc.Unsafe::allocateMemory will be removed in a future release\r\n"}}
[debug] [2026-04-30T06:05:32.128Z] ----------------------------------------------------------------------
[debug] [2026-04-30T06:05:32.132Z] Command:       C:\Program Files\nodejs\node.exe C:\Users\MikhaiLev\AppData\Roaming\npm\node_modules\firebase-tools\lib\bin\firebase.js emulators:start --only auth,firestore
[debug] [2026-04-30T06:05:32.132Z] CLI Version:   15.15.0
[debug] [2026-04-30T06:05:32.132Z] Platform:      win32
[debug] [2026-04-30T06:05:32.132Z] Node Version:  v24.13.0
[debug] [2026-04-30T06:05:32.132Z] Time:          Thu Apr 30 2026 14:05:32 GMT+0800 (Singapore Standard Time)
[debug] [2026-04-30T06:05:32.132Z] ----------------------------------------------------------------------
[debug] 
[debug] [2026-04-30T06:05:33.635Z] Object "" in "firebase.json" has unknown property: {"additionalProperty":"projects"}
[debug] [2026-04-30T06:05:33.640Z] > command requires scopes: ["email","openid","https://www.googleapis.com/auth/cloudplatformprojects.readonly","https://www.googleapis.com/auth/firebase","https://www.googleapis.com/auth/cloud-platform"]
[debug] [2026-04-30T06:05:33.640Z] > authorizing via signed-in user (aguilarlevymikhail@gmail.com)
[debug] [2026-04-30T06:05:33.724Z] openjdk version "25.0.3" 2026-04-21 LTS

[debug] [2026-04-30T06:05:33.724Z] OpenJDK Runtime Environment Temurin-25.0.3+9 (build 25.0.3+9-LTS)
OpenJDK 64-Bit Server VM Temurin-25.0.3+9 (build 25.0.3+9-LTS, mixed mode, sharing)

[debug] [2026-04-30T06:05:33.735Z] Parsed Java major version: 25
[info] i  emulators: Starting emulators: auth, firestore {"metadata":{"emulator":{"name":"hub"},"message":"Starting emulators: auth, firestore"}}
[info] i  emulators: Detected demo project ID "demo-no-project", emulated services will use a demo configuration and attempts to access non-emulated services for this project will fail. {"metadata":{"emulator":{"name":"hub"},"message":"Detected demo project ID \"demo-no-project\", emulated services will use a demo configuration and attempts to access non-emulated services for this project will fail."}}
[debug] [2026-04-30T06:05:33.746Z] [logging] Logging Emulator only supports listening on one address (127.0.0.1). Not listening on ::1
[debug] [2026-04-30T06:05:33.746Z] [auth] Authentication Emulator only supports listening on one address (127.0.0.1). Not listening on ::1
[debug] [2026-04-30T06:05:33.746Z] [firestore] Firestore Emulator only supports listening on one address (127.0.0.1). Not listening on ::1
[debug] [2026-04-30T06:05:33.746Z] [firestore.websocket] websocket server for firestore only supports listening on one address (127.0.0.1). Not listening on ::1
[warn] !  hub: emulator hub unable to start on port 4400, starting on 4401 instead. {"metadata":{"emulator":{"name":"hub"},"message":"emulator hub unable to start on port 4400, starting on 4401 instead."}}
[debug] [2026-04-30T06:05:33.747Z] assigned listening specs for emulators {"user":{"ui":[{"address":"127.0.0.1","family":"IPv4","port":4000},{"address":"::1","family":"IPv6","port":4000}],"logging":[{"address":"127.0.0.1","family":"IPv4","port":4500}],"auth":[{"address":"127.0.0.1","family":"IPv4","port":9099}],"firestore":[{"address":"127.0.0.1","family":"IPv4","port":8080}],"firestore.websocket":[{"address":"127.0.0.1","family":"IPv4","port":9150}],"hub":[{"address":"127.0.0.1","family":"IPv4","port":4401},{"address":"::1","family":"IPv6","port":4401}]},"metadata":{"message":"assigned listening specs for emulators"}}
[debug] [2026-04-30T06:05:33.752Z] Found emulator hub locator: {"version":"15.15.0","origins":["http://127.0.0.1:4400","http://[::1]:4400"],"pid":9984}
[warn] !  emulators: It seems that you are running multiple instances of the emulator suite for project demo-no-project. This may result in unexpected behavior. 
[debug] [2026-04-30T06:05:33.977Z] Ignoring unsupported arg: auto_download {"metadata":{"emulator":{"name":"firestore"},"message":"Ignoring unsupported arg: auto_download"}}
[debug] [2026-04-30T06:05:33.977Z] Ignoring unsupported arg: single_project_mode_error {"metadata":{"emulator":{"name":"firestore"},"message":"Ignoring unsupported arg: single_project_mode_error"}}
[debug] [2026-04-30T06:05:33.977Z] Starting Firestore Emulator with command {"binary":"java","args":["-Dgoogle.cloud_firestore.debug_log_level=FINE","-Duser.language=en","-jar","C:\\Users\\MikhaiLev\\.cache\\firebase\\emulators\\cloud-firestore-emulator-v1.20.4.jar","--host","127.0.0.1","--port",8080,"--websocket_port",9150,"--database-edition","standard","--project_id","demo-no-project","--rules","C:\\Users\\MikhaiLev\\Inventory-Management-System\\firestore.rules","--single_project_mode",true],"optionalArgs":["port","webchannel_port","host","rules","websocket_port","database-edition","functions_emulator","seed_from_export","project_id","single_project_mode"],"joinArgs":false,"shell":false,"port":8080} {"metadata":{"emulator":{"name":"firestore"},"message":"Starting Firestore Emulator with command {\"binary\":\"java\",\"args\":[\"-Dgoogle.cloud_firestore.debug_log_level=FINE\",\"-Duser.language=en\",\"-jar\",\"C:\\\\Users\\\\MikhaiLev\\\\.cache\\\\firebase\\\\emulators\\\\cloud-firestore-emulator-v1.20.4.jar\",\"--host\",\"127.0.0.1\",\"--port\",8080,\"--websocket_port\",9150,\"--database-edition\",\"standard\",\"--project_id\",\"demo-no-project\",\"--rules\",\"C:\\\\Users\\\\MikhaiLev\\\\Inventory-Management-System\\\\firestore.rules\",\"--single_project_mode\",true],\"optionalArgs\":[\"port\",\"webchannel_port\",\"host\",\"rules\",\"websocket_port\",\"database-edition\",\"functions_emulator\",\"seed_from_export\",\"project_id\",\"single_project_mode\"],\"joinArgs\":false,\"shell\":false,\"port\":8080}"}}
[info] i  firestore: Firestore Emulator logging to firestore-debug.log {"metadata":{"emulator":{"name":"firestore"},"message":"Firestore Emulator logging to \u001b[1mfirestore-debug.log\u001b[22m"}}
[debug] [2026-04-30T06:05:34.644Z] WARNING: A terminally deprecated method in sun.misc.Unsafe has been called
WARNING: sun.misc.Unsafe::allocateMemory has been called by io.netty.util.internal.PlatformDependent0$2 (file:/C:/Users/MikhaiLev/.cache/firebase/emulators/cloud-firestore-emulator-v1.20.4.jar)
WARNING: Please consider reporting this to the maintainers of class io.netty.util.internal.PlatformDependent0$2
WARNING: sun.misc.Unsafe::allocateMemory will be removed in a future release
 {"metadata":{"emulator":{"name":"firestore"},"message":"WARNING: A terminally deprecated method in sun.misc.Unsafe has been called\nWARNING: sun.misc.Unsafe::allocateMemory has been called by io.netty.util.internal.PlatformDependent0$2 (file:/C:/Users/MikhaiLev/.cache/firebase/emulators/cloud-firestore-emulator-v1.20.4.jar)\nWARNING: Please consider reporting this to the maintainers of class io.netty.util.internal.PlatformDependent0$2\nWARNING: sun.misc.Unsafe::allocateMemory will be removed in a future release\r\n"}}
[debug] [2026-04-30T06:05:35.838Z] Apr 30, 2026 2:05:35 PM com.google.cloud.datastore.emulator.firestore.websocket.WebSocketServer start
INFO: Started WebSocket server on ws://127.0.0.1:9150
 {"metadata":{"emulator":{"name":"firestore"},"message":"Apr 30, 2026 2:05:35 PM com.google.cloud.datastore.emulator.firestore.websocket.WebSocketServer start\r\nINFO: Started WebSocket server on ws://127.0.0.1:9150\r\n"}}
[debug] [2026-04-30T06:05:35.839Z] Apr 30, 2026 2:05:35 PM com.google.cloud.datastore.emulator.firestore.websocket.WebSocketServer start
INFO: Started WebSocket server on ws://127.0.0.1:9150
 {"metadata":{"emulator":{"name":"firestore"},"message":"Apr 30, 2026 2:05:35 PM com.google.cloud.datastore.emulator.firestore.websocket.WebSocketServer start\r\nINFO: Started WebSocket server on ws://127.0.0.1:9150\r\n"}}
[debug] [2026-04-30T06:05:35.953Z] 
API endpoint: http:// {"metadata":{"emulator":{"name":"firestore"},"message":"\nAPI endpoint: http://"}}
[debug] [2026-04-30T06:05:35.953Z] 127.0.0.1:8080
Database Edition: STANDARD
Database Mode: CLOUD_FIRESTORE

If you are using a library that supports the FIRESTORE_EMULATOR_HOST environment variable, run:

   export FIRESTORE_EMULATOR_HOST=127.0.0.1:8080

If you are running a Firestore in Datastore Mode project, run:

   export DATASTORE_EMULATOR_HOST=127.0.0.1:8080

Note: Support for Datastore Mode is in preview. If you encounter any bugs please file at https://github.com/firebase/firebase-tools/issues.
Dev App Server is now running.

 {"metadata":{"emulator":{"name":"firestore"},"message":"127.0.0.1:8080\nDatabase Edition: STANDARD\nDatabase Mode: CLOUD_FIRESTORE\n\nIf you are using a library that supports the FIRESTORE_EMULATOR_HOST environment variable, run:\r\n\n   export FIRESTORE_EMULATOR_HOST=127.0.0.1:8080\n\nIf you are running a Firestore in Datastore Mode project, run:\r\n\n   export DATASTORE_EMULATOR_HOST=127.0.0.1:8080\n\nNote: Support for Datastore Mode is in preview. If you encounter any bugs please file at https://github.com/firebase/firebase-tools/issues.\r\nDev App Server is now running.\n\r\n"}}
[debug] [2026-04-30T06:05:35.957Z] Apr 30, 2026 2:05:35 PM com.google.cloud.datastore.emulator.firestore.CloudFirestore main
SEVERE: Exiting due to unexpected exception.
java.net.BindException: Address already in use: bind
	at java.base/sun.nio.ch.Net.bind0(Native Method)
	at java.base/sun.nio.ch.Net.bind(Net.java:522)
	at java.base/sun.nio.ch.ServerSocketChannelImpl.netBind(ServerSocketChannelImpl.java:335)
	at java.base/sun.nio.ch.ServerSocketChannelImpl.bind(ServerSocketChannelImpl.java:297)
	at io.netty.channel.socket.nio.NioServerSocketChannel.doBind(NioServerSocketChannel.java:141)
	at io.netty.channel.AbstractChannel$AbstractUnsafe.bind(AbstractChannel.java:561)
	at io.netty.channel.DefaultChannelPipeline$HeadContext.bind(DefaultChannelPipeline.java:1281)
	at io.netty.channel.AbstractChannelHandlerContext.invokeBind(AbstractChannelHandlerContext.java:600)
	at io.netty.channel.AbstractChannelHandlerContext.bind(AbstractChannelHandlerContext.java:579)
	at io.netty.channel.DefaultChannelPipeline.bind(DefaultChannelPipeline.java:922)
	at io.netty.channel.AbstractChannel.bind(AbstractChannel.java:259)
	at io.netty.bootstrap.AbstractBootstrap$2.run(AbstractBootstrap.java:384)
	at io.netty.util.concurrent.AbstractEventExecutor.runTask(AbstractEventExecutor.java:173)
	at io.netty.util.concurrent.AbstractEventExecutor.safeExecute(AbstractEventExecutor.java:166)
	at io.netty.util.concurrent.SingleThreadEventExecutor.runAllTasks(SingleThreadEventExecutor.java:472)
	at io.netty.channel.nio.NioEventLoop.run(NioEventLoop.java:569)
	at io.netty.util.concurrent.SingleThreadEventExecutor$4.run(SingleThreadEventExecutor.java:998)
	at io.netty.util.internal.ThreadExecutorMap$2.run(ThreadExecutorMap.java:74)
	at io.netty.util.concurrent.FastThreadLocalRunnable.run(FastThreadLocalRunnable.java:30)
	at java.base/java.lang.Thread.run(Thread.java:1474)
	Suppressed: java.lang.RuntimeException: Rethrowing promise failure cause
		at io.netty.util.concurrent.DefaultPromise.rethrowIfFailed(DefaultPromise.java:686)
		at io.netty.util.concurrent.DefaultPromise.sync(DefaultPromise.java:420)
		at io.netty.channel.DefaultChannelPromise.sync(DefaultChannelPromise.java:119)
		at io.netty.channel.DefaultChannelPromise.sync(DefaultChannelPromise.java:30)
		at io.gapi.emulators.grpc.GrpcServer.start(GrpcServer.java:214)
		at com.google.cloud.datastore.emulator.firestore.CloudFirestore.start(CloudFirestore.java:263)
		at com.google.cloud.datastore.emulator.firestore.CloudFirestore.startLocally(CloudFirestore.java:121)
		at com.google.cloud.datastore.emulator.firestore.CloudFirestore.main(CloudFirestore.java:101)

 {"metadata":{"emulator":{"name":"firestore"},"message":"Apr 30, 2026 2:05:35 PM com.google.cloud.datastore.emulator.firestore.CloudFirestore main\r\nSEVERE: Exiting due to unexpected exception.\r\njava.net.BindException: Address already in use: bind\r\n\tat java.base/sun.nio.ch.Net.bind0(Native Method)\r\n\tat java.base/sun.nio.ch.Net.bind(Net.java:522)\r\n\tat java.base/sun.nio.ch.ServerSocketChannelImpl.netBind(ServerSocketChannelImpl.java:335)\r\n\tat java.base/sun.nio.ch.ServerSocketChannelImpl.bind(ServerSocketChannelImpl.java:297)\r\n\tat io.netty.channel.socket.nio.NioServerSocketChannel.doBind(NioServerSocketChannel.java:141)\r\n\tat io.netty.channel.AbstractChannel$AbstractUnsafe.bind(AbstractChannel.java:561)\r\n\tat io.netty.channel.DefaultChannelPipeline$HeadContext.bind(DefaultChannelPipeline.java:1281)\r\n\tat io.netty.channel.AbstractChannelHandlerContext.invokeBind(AbstractChannelHandlerContext.java:600)\r\n\tat io.netty.channel.AbstractChannelHandlerContext.bind(AbstractChannelHandlerContext.java:579)\r\n\tat io.netty.channel.DefaultChannelPipeline.bind(DefaultChannelPipeline.java:922)\r\n\tat io.netty.channel.AbstractChannel.bind(AbstractChannel.java:259)\r\n\tat io.netty.bootstrap.AbstractBootstrap$2.run(AbstractBootstrap.java:384)\r\n\tat io.netty.util.concurrent.AbstractEventExecutor.runTask(AbstractEventExecutor.java:173)\r\n\tat io.netty.util.concurrent.AbstractEventExecutor.safeExecute(AbstractEventExecutor.java:166)\r\n\tat io.netty.util.concurrent.SingleThreadEventExecutor.runAllTasks(SingleThreadEventExecutor.java:472)\r\n\tat io.netty.channel.nio.NioEventLoop.run(NioEventLoop.java:569)\r\n\tat io.netty.util.concurrent.SingleThreadEventExecutor$4.run(SingleThreadEventExecutor.java:998)\r\n\tat io.netty.util.internal.ThreadExecutorMap$2.run(ThreadExecutorMap.java:74)\r\n\tat io.netty.util.concurrent.FastThreadLocalRunnable.run(FastThreadLocalRunnable.java:30)\r\n\tat java.base/java.lang.Thread.run(Thread.java:1474)\r\n\tSuppressed: java.lang.RuntimeException: Rethrowing promise failure cause\r\n\t\tat io.netty.util.concurrent.DefaultPromise.rethrowIfFailed(DefaultPromise.java:686)\r\n\t\tat io.netty.util.concurrent.DefaultPromise.sync(DefaultPromise.java:420)\r\n\t\tat io.netty.channel.DefaultChannelPromise.sync(DefaultChannelPromise.java:119)\r\n\t\tat io.netty.channel.DefaultChannelPromise.sync(DefaultChannelPromise.java:30)\r\n\t\tat io.gapi.emulators.grpc.GrpcServer.start(GrpcServer.java:214)\r\n\t\tat com.google.cloud.datastore.emulator.firestore.CloudFirestore.start(CloudFirestore.java:263)\r\n\t\tat com.google.cloud.datastore.emulator.firestore.CloudFirestore.startLocally(CloudFirestore.java:121)\r\n\t\tat com.google.cloud.datastore.emulator.firestore.CloudFirestore.main(CloudFirestore.java:101)\r\n\r\n"}}
[debug] [2026-04-30T06:05:35.957Z] Exception in thread "main" java.lang.NoClassDefFoundError: com/google/common/util/LegacySystemExit
	at com.google.cloud.datastore.emulator.firestore.CloudFirestore.main(CloudFirestore.java:106)
Caused by: java.lang.ClassNotFoundException: com.google.common.util.LegacySystemExit
	at java.base/jdk.internal.loader.BuiltinClassLoader.loadClass(BuiltinClassLoader.java:580)
	at java.base/java.lang.ClassLoader.loadClass(ClassLoader.java:490)
	... 1 more
 {"metadata":{"emulator":{"name":"firestore"},"message":"Exception in thread \"main\" java.lang.NoClassDefFoundError: com/google/common/util/LegacySystemExit\r\n\tat com.google.cloud.datastore.emulator.firestore.CloudFirestore.main(CloudFirestore.java:106)\r\nCaused by: java.lang.ClassNotFoundException: com.google.common.util.LegacySystemExit\r\n\tat java.base/jdk.internal.loader.BuiltinClassLoader.loadClass(BuiltinClassLoader.java:580)\r\n\tat java.base/java.lang.ClassLoader.loadClass(ClassLoader.java:490)\r\n\t... 1 more\r\n"}}
[info] +  firestore: Firestore Emulator was started in standard edition. {"metadata":{"emulator":{"name":"firestore"},"message":"Firestore Emulator was started in standard edition."}}
[info] +  firestore: Firestore Emulator was started in standard edition. {"metadata":{"emulator":{"name":"firestore"},"message":"Firestore Emulator was started in standard edition."}}
[info] +  firestore: Firestore Emulator UI websocket is running on 9150. {"metadata":{"emulator":{"name":"firestore"},"message":"Firestore Emulator UI websocket is running on 9150."}}
[info] i  ui: downloading ui-v1.15.0.zip... {"metadata":{"emulator":{"name":"ui"},"message":"downloading ui-v1.15.0.zip..."}}
[debug] [2026-04-30T06:05:41.681Z] >>> [apiv2][query] GET https://storage.googleapis.com/firebase-preview-drop/emulator/ui-v1.15.0.zip 
[info] +  firestore: Firestore Emulator UI websocket is running on 9150. {"metadata":{"emulator":{"name":"firestore"},"message":"Firestore Emulator UI websocket is running on 9150."}}
[debug] [2026-04-30T06:05:41.768Z] Error: listen EADDRINUSE: address already in use 127.0.0.1:9099
    at Server.setupListenHandle [as _listen2] (node:net:1940:16)
    at listenInCluster (node:net:1997:12)
    at node:net:2206:7
    at process.processTicksAndRejections (node:internal/process/task_queues:89:21)
[error] 
[error] Error: An unexpected error has occurred.
[debug] [2026-04-30T06:05:41.774Z] Error: listen EADDRINUSE: address already in use 127.0.0.1:4500
    at Server.setupListenHandle [as _listen2] (node:net:1940:16)
    at listenInCluster (node:net:1997:12)
    at node:net:2206:7
    at process.processTicksAndRejections (node:internal/process/task_queues:89:21)
[error] 
[error] Error: An unexpected error has occurred.
[info] i  ui: downloading ui-v1.15.0.zip... {"metadata":{"emulator":{"name":"ui"},"message":"downloading ui-v1.15.0.zip..."}}
[debug] [2026-04-30T06:05:41.798Z] >>> [apiv2][query] GET https://storage.googleapis.com/firebase-preview-drop/emulator/ui-v1.15.0.zip 
[debug] [2026-04-30T06:05:42.083Z] Found emulator hub locator: {"version":"15.15.0","origins":["http://127.0.0.1:4400","http://[::1]:4400"],"pid":9984}
[debug] [2026-04-30T06:05:42.341Z] <<< [apiv2][status] GET https://storage.googleapis.com/firebase-preview-drop/emulator/ui-v1.15.0.zip 200
[debug] [2026-04-30T06:05:42.341Z] <<< [apiv2][body] GET https://storage.googleapis.com/firebase-preview-drop/emulator/ui-v1.15.0.zip [stream]
[debug] [2026-04-30T06:05:44.173Z] Data is 3538469
[debug] [2026-04-30T06:05:44.174Z] [unzip] Entry: client/ (compressed_size=0 bytes, uncompressed_size=0 bytes)
[debug] [2026-04-30T06:05:44.174Z] [unzip] Processing entry: client\
[debug] [2026-04-30T06:05:44.174Z] [unzip] mkdir: C:\Users\MikhaiLev\.cache\firebase\emulators\ui-v1.15.0\client\
[debug] [2026-04-30T06:05:44.175Z] [unzip] Entry: client/favicon-16x16.png (compressed_size=293 bytes, uncompressed_size=293 bytes)
[debug] [2026-04-30T06:05:44.175Z] [unzip] Processing entry: client\favicon-16x16.png
[debug] [2026-04-30T06:05:44.175Z] [unzip] else mkdir: C:\Users\MikhaiLev\.cache\firebase\emulators\ui-v1.15.0\client
[debug] [2026-04-30T06:05:44.176Z] [unzip] Writing file: C:\Users\MikhaiLev\.cache\firebase\emulators\ui-v1.15.0\client\favicon-16x16.png
[debug] [2026-04-30T06:05:44.178Z] [unzip] Entry: client/safari-pinned-tab.svg (compressed_size=1433 bytes, uncompressed_size=2611 bytes)
[debug] [2026-04-30T06:05:44.178Z] [unzip] Processing entry: client\safari-pinned-tab.svg
[debug] [2026-04-30T06:05:44.178Z] [unzip] else mkdir: C:\Users\MikhaiLev\.cache\firebase\emulators\ui-v1.15.0\client
[debug] [2026-04-30T06:05:44.178Z] [unzip] deflating: C:\Users\MikhaiLev\.cache\firebase\emulators\ui-v1.15.0\client\safari-pinned-tab.svg
[debug] [2026-04-30T06:05:44.183Z] [unzip] Entry: client/favicon.ico (compressed_size=2933 bytes, uncompressed_size=13294 bytes)
[debug] [2026-04-30T06:05:44.183Z] [unzip] Processing entry: client\favicon.ico
[debug] [2026-04-30T06:05:44.183Z] [unzip] else mkdir: C:\Users\MikhaiLev\.cache\firebase\emulators\ui-v1.15.0\client
[debug] [2026-04-30T06:05:44.184Z] [unzip] deflating: C:\Users\MikhaiLev\.cache\firebase\emulators\ui-v1.15.0\client\favicon.ico
[debug] [2026-04-30T06:05:44.186Z] [unzip] Entry: client/index.html (compressed_size=1364 bytes, uncompressed_size=3071 bytes)
[debug] [2026-04-30T06:05:44.186Z] [unzip] Processing entry: client\index.html
[debug] [2026-04-30T06:05:44.186Z] [unzip] else mkdir: C:\Users\MikhaiLev\.cache\firebase\emulators\ui-v1.15.0\client
[debug] [2026-04-30T06:05:44.186Z] [unzip] deflating: C:\Users\MikhaiLev\.cache\firebase\emulators\ui-v1.15.0\client\index.html
[debug] [2026-04-30T06:05:44.188Z] [unzip] Entry: client/android-chrome-192x192.png (compressed_size=2684 bytes, uncompressed_size=2684 bytes)
[debug] [2026-04-30T06:05:44.188Z] [unzip] Processing entry: client\android-chrome-192x192.png
[debug] [2026-04-30T06:05:44.188Z] [unzip] else mkdir: C:\Users\MikhaiLev\.cache\firebase\emulators\ui-v1.15.0\client
[debug] [2026-04-30T06:05:44.188Z] [unzip] Writing file: C:\Users\MikhaiLev\.cache\firebase\emulators\ui-v1.15.0\client\android-chrome-192x192.png
[debug] [2026-04-30T06:05:44.189Z] [unzip] Entry: client/apple-touch-icon.png (compressed_size=2123 bytes, uncompressed_size=2152 bytes)
[debug] [2026-04-30T06:05:44.189Z] [unzip] Processing entry: client\apple-touch-icon.png
[debug] [2026-04-30T06:05:44.189Z] [unzip] else mkdir: C:\Users\MikhaiLev\.cache\firebase\emulators\ui-v1.15.0\client
[debug] [2026-04-30T06:05:44.190Z] [unzip] deflating: C:\Users\MikhaiLev\.cache\firebase\emulators\ui-v1.15.0\client\apple-touch-icon.png
[debug] [2026-04-30T06:05:44.191Z] [unzip] Entry: client/android-chrome-512x512.png (compressed_size=5369 bytes, uncompressed_size=5411 bytes)
[debug] [2026-04-30T06:05:44.191Z] [unzip] Processing entry: client\android-chrome-512x512.png
[debug] [2026-04-30T06:05:44.191Z] [unzip] else mkdir: C:\Users\MikhaiLev\.cache\firebase\emulators\ui-v1.15.0\client
[debug] [2026-04-30T06:05:44.192Z] [unzip] deflating: C:\Users\MikhaiLev\.cache\firebase\emulators\ui-v1.15.0\client\android-chrome-512x512.png
[debug] [2026-04-30T06:05:44.193Z] [unzip] Entry: client/manifest.json (compressed_size=245 bytes, uncompressed_size=551 bytes)
[debug] [2026-04-30T06:05:44.193Z] [unzip] Processing entry: client\manifest.json
[debug] [2026-04-30T06:05:44.193Z] [unzip] else mkdir: C:\Users\MikhaiLev\.cache\firebase\emulators\ui-v1.15.0\client
[debug] [2026-04-30T06:05:44.193Z] [unzip] deflating: C:\Users\MikhaiLev\.cache\firebase\emulators\ui-v1.15.0\client\manifest.json
[debug] [2026-04-30T06:05:44.194Z] [unzip] Entry: client/robots.txt (compressed_size=26 bytes, uncompressed_size=26 bytes)
[debug] [2026-04-30T06:05:44.194Z] [unzip] Processing entry: client\robots.txt
[debug] [2026-04-30T06:05:44.194Z] [unzip] else mkdir: C:\Users\MikhaiLev\.cache\firebase\emulators\ui-v1.15.0\client
[debug] [2026-04-30T06:05:44.195Z] [unzip] Writing file: C:\Users\MikhaiLev\.cache\firebase\emulators\ui-v1.15.0\client\robots.txt
[debug] [2026-04-30T06:05:44.195Z] [unzip] Entry: client/mstile-150x150.png (compressed_size=2034 bytes, uncompressed_size=2034 bytes)
[debug] [2026-04-30T06:05:44.195Z] [unzip] Processing entry: client\mstile-150x150.png
[debug] [2026-04-30T06:05:44.196Z] [unzip] else mkdir: C:\Users\MikhaiLev\.cache\firebase\emulators\ui-v1.15.0\client
[debug] [2026-04-30T06:05:44.196Z] [unzip] Writing file: C:\Users\MikhaiLev\.cache\firebase\emulators\ui-v1.15.0\client\mstile-150x150.png
[debug] [2026-04-30T06:05:44.197Z] [unzip] Entry: client/assets/ (compressed_size=0 bytes, uncompressed_size=0 bytes)
[debug] [2026-04-30T06:05:44.197Z] [unzip] Processing entry: client\assets\
[debug] [2026-04-30T06:05:44.197Z] [unzip] mkdir: C:\Users\MikhaiLev\.cache\firebase\emulators\ui-v1.15.0\client\assets\
[debug] [2026-04-30T06:05:44.197Z] [unzip] Entry: client/assets/index-BX-A56oj.js (compressed_size=582089 bytes, uncompressed_size=2092775 bytes)
[debug] [2026-04-30T06:05:44.197Z] [unzip] Processing entry: client\assets\index-BX-A56oj.js
[debug] [2026-04-30T06:05:44.197Z] [unzip] else mkdir: C:\Users\MikhaiLev\.cache\firebase\emulators\ui-v1.15.0\client\assets
[debug] [2026-04-30T06:05:44.198Z] [unzip] deflating: C:\Users\MikhaiLev\.cache\firebase\emulators\ui-v1.15.0\client\assets\index-BX-A56oj.js
[debug] [2026-04-30T06:05:44.209Z] [unzip] Entry: client/assets/index-CjB9C900.css (compressed_size=35979 bytes, uncompressed_size=298654 bytes)
[debug] [2026-04-30T06:05:44.209Z] [unzip] Processing entry: client\assets\index-CjB9C900.css
[debug] [2026-04-30T06:05:44.209Z] [unzip] else mkdir: C:\Users\MikhaiLev\.cache\firebase\emulators\ui-v1.15.0\client\assets
[debug] [2026-04-30T06:05:44.209Z] [unzip] deflating: C:\Users\MikhaiLev\.cache\firebase\emulators\ui-v1.15.0\client\assets\index-CjB9C900.css
[debug] [2026-04-30T06:05:44.211Z] [unzip] Entry: client/assets/index-BX-A56oj.js.map (compressed_size=2362482 bytes, uncompressed_size=10036679 bytes)
[debug] [2026-04-30T06:05:44.211Z] [unzip] Processing entry: client\assets\index-BX-A56oj.js.map
[debug] [2026-04-30T06:05:44.211Z] [unzip] else mkdir: C:\Users\MikhaiLev\.cache\firebase\emulators\ui-v1.15.0\client\assets
[debug] [2026-04-30T06:05:44.212Z] [unzip] deflating: C:\Users\MikhaiLev\.cache\firebase\emulators\ui-v1.15.0\client\assets\index-BX-A56oj.js.map
[debug] [2026-04-30T06:05:44.255Z] [unzip] Entry: client/assets/extensions/ (compressed_size=0 bytes, uncompressed_size=0 bytes)
[debug] [2026-04-30T06:05:44.255Z] [unzip] Processing entry: client\assets\extensions\
[debug] [2026-04-30T06:05:44.256Z] [unzip] mkdir: C:\Users\MikhaiLev\.cache\firebase\emulators\ui-v1.15.0\client\assets\extensions\
[debug] [2026-04-30T06:05:44.256Z] [unzip] Entry: client/assets/extensions/default-extension.png (compressed_size=1646 bytes, uncompressed_size=1657 bytes)
[debug] [2026-04-30T06:05:44.256Z] [unzip] Processing entry: client\assets\extensions\default-extension.png
[debug] [2026-04-30T06:05:44.256Z] [unzip] else mkdir: C:\Users\MikhaiLev\.cache\firebase\emulators\ui-v1.15.0\client\assets\extensions
[debug] [2026-04-30T06:05:44.257Z] [unzip] deflating: C:\Users\MikhaiLev\.cache\firebase\emulators\ui-v1.15.0\client\assets\extensions\default-extension.png
[debug] [2026-04-30T06:05:44.258Z] [unzip] Entry: client/assets/img/ (compressed_size=0 bytes, uncompressed_size=0 bytes)
[debug] [2026-04-30T06:05:44.258Z] [unzip] Processing entry: client\assets\img\
[debug] [2026-04-30T06:05:44.258Z] [unzip] mkdir: C:\Users\MikhaiLev\.cache\firebase\emulators\ui-v1.15.0\client\assets\img\
[debug] [2026-04-30T06:05:44.259Z] [unzip] Entry: client/assets/img/database.png (compressed_size=29449 bytes, uncompressed_size=29988 bytes)
[debug] [2026-04-30T06:05:44.259Z] [unzip] Processing entry: client\assets\img\database.png
[debug] [2026-04-30T06:05:44.259Z] [unzip] else mkdir: C:\Users\MikhaiLev\.cache\firebase\emulators\ui-v1.15.0\client\assets\img
[debug] [2026-04-30T06:05:44.259Z] [unzip] deflating: C:\Users\MikhaiLev\.cache\firebase\emulators\ui-v1.15.0\client\assets\img\database.png
[debug] [2026-04-30T06:05:44.260Z] [unzip] Entry: client/assets/provider-icons/ (compressed_size=0 bytes, uncompressed_size=0 bytes)
[debug] [2026-04-30T06:05:44.260Z] [unzip] Processing entry: client\assets\provider-icons\
[debug] [2026-04-30T06:05:44.260Z] [unzip] mkdir: C:\Users\MikhaiLev\.cache\firebase\emulators\ui-v1.15.0\client\assets\provider-icons\
[debug] [2026-04-30T06:05:44.261Z] [unzip] Entry: client/assets/provider-icons/auth_service_saml.svg (compressed_size=575 bytes, uncompressed_size=1226 bytes)
[debug] [2026-04-30T06:05:44.261Z] [unzip] Processing entry: client\assets\provider-icons\auth_service_saml.svg
[debug] [2026-04-30T06:05:44.261Z] [unzip] else mkdir: C:\Users\MikhaiLev\.cache\firebase\emulators\ui-v1.15.0\client\assets\provider-icons
[debug] [2026-04-30T06:05:44.261Z] [unzip] deflating: C:\Users\MikhaiLev\.cache\firebase\emulators\ui-v1.15.0\client\assets\provider-icons\auth_service_saml.svg
[debug] [2026-04-30T06:05:44.262Z] [unzip] Entry: client/assets/provider-icons/auth_service_phone.svg (compressed_size=261 bytes, uncompressed_size=414 bytes)
[debug] [2026-04-30T06:05:44.262Z] [unzip] Processing entry: client\assets\provider-icons\auth_service_phone.svg
[debug] [2026-04-30T06:05:44.262Z] [unzip] else mkdir: C:\Users\MikhaiLev\.cache\firebase\emulators\ui-v1.15.0\client\assets\provider-icons
[debug] [2026-04-30T06:05:44.262Z] [unzip] deflating: C:\Users\MikhaiLev\.cache\firebase\emulators\ui-v1.15.0\client\assets\provider-icons\auth_service_phone.svg
[debug] [2026-04-30T06:05:44.263Z] [unzip] Entry: client/assets/provider-icons/auth_service_facebook.svg (compressed_size=289 bytes, uncompressed_size=457 bytes)
[debug] [2026-04-30T06:05:44.263Z] [unzip] Processing entry: client\assets\provider-icons\auth_service_facebook.svg
[debug] [2026-04-30T06:05:44.264Z] [unzip] else mkdir: C:\Users\MikhaiLev\.cache\firebase\emulators\ui-v1.15.0\client\assets\provider-icons
[debug] [2026-04-30T06:05:44.264Z] [unzip] deflating: C:\Users\MikhaiLev\.cache\firebase\emulators\ui-v1.15.0\client\assets\provider-icons\auth_service_facebook.svg
[debug] [2026-04-30T06:05:44.266Z] [unzip] Entry: client/assets/provider-icons/auth_service_game_center.svg (compressed_size=991 bytes, uncompressed_size=3921 bytes)
[debug] [2026-04-30T06:05:44.266Z] [unzip] Processing entry: client\assets\provider-icons\auth_service_game_center.svg
[debug] [2026-04-30T06:05:44.266Z] [unzip] else mkdir: C:\Users\MikhaiLev\.cache\firebase\emulators\ui-v1.15.0\client\assets\provider-icons
[debug] [2026-04-30T06:05:44.266Z] [unzip] deflating: C:\Users\MikhaiLev\.cache\firebase\emulators\ui-v1.15.0\client\assets\provider-icons\auth_service_game_center.svg
[debug] [2026-04-30T06:05:44.267Z] [unzip] Entry: client/assets/provider-icons/auth_service_apple.svg (compressed_size=230 bytes, uncompressed_size=334 bytes)
[debug] [2026-04-30T06:05:44.267Z] [unzip] Processing entry: client\assets\provider-icons\auth_service_apple.svg
[debug] [2026-04-30T06:05:44.268Z] [unzip] else mkdir: C:\Users\MikhaiLev\.cache\firebase\emulators\ui-v1.15.0\client\assets\provider-icons
[debug] [2026-04-30T06:05:44.268Z] [unzip] deflating: C:\Users\MikhaiLev\.cache\firebase\emulators\ui-v1.15.0\client\assets\provider-icons\auth_service_apple.svg
[debug] [2026-04-30T06:05:44.269Z] [unzip] Entry: client/assets/provider-icons/auth_service_github.svg (compressed_size=466 bytes, uncompressed_size=838 bytes)
[debug] [2026-04-30T06:05:44.269Z] [unzip] Processing entry: client\assets\provider-icons\auth_service_github.svg
[debug] [2026-04-30T06:05:44.269Z] [unzip] else mkdir: C:\Users\MikhaiLev\.cache\firebase\emulators\ui-v1.15.0\client\assets\provider-icons
[debug] [2026-04-30T06:05:44.269Z] [unzip] deflating: C:\Users\MikhaiLev\.cache\firebase\emulators\ui-v1.15.0\client\assets\provider-icons\auth_service_github.svg
[debug] [2026-04-30T06:05:44.270Z] [unzip] Entry: client/assets/provider-icons/auth_service_mslive.svg (compressed_size=203 bytes, uncompressed_size=378 bytes)
[debug] [2026-04-30T06:05:44.270Z] [unzip] Processing entry: client\assets\provider-icons\auth_service_mslive.svg
[debug] [2026-04-30T06:05:44.270Z] [unzip] else mkdir: C:\Users\MikhaiLev\.cache\firebase\emulators\ui-v1.15.0\client\assets\provider-icons
[debug] [2026-04-30T06:05:44.271Z] [unzip] deflating: C:\Users\MikhaiLev\.cache\firebase\emulators\ui-v1.15.0\client\assets\provider-icons\auth_service_mslive.svg
[debug] [2026-04-30T06:05:44.272Z] [unzip] Entry: client/assets/provider-icons/auth_service_yahoo.svg (compressed_size=577 bytes, uncompressed_size=1182 bytes)
[debug] [2026-04-30T06:05:44.272Z] [unzip] Processing entry: client\assets\provider-icons\auth_service_yahoo.svg
[debug] [2026-04-30T06:05:44.272Z] [unzip] else mkdir: C:\Users\MikhaiLev\.cache\firebase\emulators\ui-v1.15.0\client\assets\provider-icons
[debug] [2026-04-30T06:05:44.272Z] [unzip] deflating: C:\Users\MikhaiLev\.cache\firebase\emulators\ui-v1.15.0\client\assets\provider-icons\auth_service_yahoo.svg
[debug] [2026-04-30T06:05:44.273Z] [unzip] Entry: client/assets/provider-icons/auth_service_twitter.svg (compressed_size=444 bytes, uncompressed_size=751 bytes)
[debug] [2026-04-30T06:05:44.273Z] [unzip] Processing entry: client\assets\provider-icons\auth_service_twitter.svg
[debug] [2026-04-30T06:05:44.273Z] [unzip] else mkdir: C:\Users\MikhaiLev\.cache\firebase\emulators\ui-v1.15.0\client\assets\provider-icons
[debug] [2026-04-30T06:05:44.273Z] [unzip] deflating: C:\Users\MikhaiLev\.cache\firebase\emulators\ui-v1.15.0\client\assets\provider-icons\auth_service_twitter.svg
[debug] [2026-04-30T06:05:44.274Z] [unzip] Entry: client/assets/provider-icons/auth_service_play_games.svg (compressed_size=565 bytes, uncompressed_size=1173 bytes)
[debug] [2026-04-30T06:05:44.274Z] [unzip] Processing entry: client\assets\provider-icons\auth_service_play_games.svg
[debug] [2026-04-30T06:05:44.275Z] [unzip] else mkdir: C:\Users\MikhaiLev\.cache\firebase\emulators\ui-v1.15.0\client\assets\provider-icons
[debug] [2026-04-30T06:05:44.275Z] [unzip] deflating: C:\Users\MikhaiLev\.cache\firebase\emulators\ui-v1.15.0\client\assets\provider-icons\auth_service_play_games.svg
[debug] [2026-04-30T06:05:44.276Z] [unzip] Entry: client/assets/provider-icons/auth_service_email.svg (compressed_size=228 bytes, uncompressed_size=326 bytes)
[debug] [2026-04-30T06:05:44.276Z] [unzip] Processing entry: client\assets\provider-icons\auth_service_email.svg
[debug] [2026-04-30T06:05:44.276Z] [unzip] else mkdir: C:\Users\MikhaiLev\.cache\firebase\emulators\ui-v1.15.0\client\assets\provider-icons
[debug] [2026-04-30T06:05:44.276Z] [unzip] deflating: C:\Users\MikhaiLev\.cache\firebase\emulators\ui-v1.15.0\client\assets\provider-icons\auth_service_email.svg
[debug] [2026-04-30T06:05:44.277Z] [unzip] Entry: client/assets/provider-icons/auth_service_google.svg (compressed_size=409 bytes, uncompressed_size=720 bytes)
[debug] [2026-04-30T06:05:44.277Z] [unzip] Processing entry: client\assets\provider-icons\auth_service_google.svg
[debug] [2026-04-30T06:05:44.277Z] [unzip] else mkdir: C:\Users\MikhaiLev\.cache\firebase\emulators\ui-v1.15.0\client\assets\provider-icons
[debug] [2026-04-30T06:05:44.277Z] [unzip] deflating: C:\Users\MikhaiLev\.cache\firebase\emulators\ui-v1.15.0\client\assets\provider-icons\auth_service_google.svg
[debug] [2026-04-30T06:05:44.278Z] [unzip] Entry: client/assets/provider-icons/auth_service_oidc.svg (compressed_size=414 bytes, uncompressed_size=858 bytes)
[debug] [2026-04-30T06:05:44.278Z] [unzip] Processing entry: client\assets\provider-icons\auth_service_oidc.svg
[debug] [2026-04-30T06:05:44.278Z] [unzip] else mkdir: C:\Users\MikhaiLev\.cache\firebase\emulators\ui-v1.15.0\client\assets\provider-icons
[debug] [2026-04-30T06:05:44.279Z] [unzip] deflating: C:\Users\MikhaiLev\.cache\firebase\emulators\ui-v1.15.0\client\assets\provider-icons\auth_service_oidc.svg
[debug] [2026-04-30T06:05:44.280Z] [unzip] Entry: client/browserconfig.xml (compressed_size=491 bytes, uncompressed_size=822 bytes)
[debug] [2026-04-30T06:05:44.280Z] [unzip] Processing entry: client\browserconfig.xml
[debug] [2026-04-30T06:05:44.280Z] [unzip] else mkdir: C:\Users\MikhaiLev\.cache\firebase\emulators\ui-v1.15.0\client
[debug] [2026-04-30T06:05:44.280Z] [unzip] deflating: C:\Users\MikhaiLev\.cache\firebase\emulators\ui-v1.15.0\client\browserconfig.xml
[debug] [2026-04-30T06:05:44.281Z] [unzip] Entry: client/favicon-32x32.png (compressed_size=475 bytes, uncompressed_size=475 bytes)
[debug] [2026-04-30T06:05:44.281Z] [unzip] Processing entry: client\favicon-32x32.png
[debug] [2026-04-30T06:05:44.281Z] [unzip] else mkdir: C:\Users\MikhaiLev\.cache\firebase\emulators\ui-v1.15.0\client
[debug] [2026-04-30T06:05:44.281Z] [unzip] Writing file: C:\Users\MikhaiLev\.cache\firebase\emulators\ui-v1.15.0\client\favicon-32x32.png
[debug] [2026-04-30T06:05:44.282Z] [unzip] Entry: server/ (compressed_size=0 bytes, uncompressed_size=0 bytes)
[debug] [2026-04-30T06:05:44.282Z] [unzip] Processing entry: server\
[debug] [2026-04-30T06:05:44.282Z] [unzip] mkdir: C:\Users\MikhaiLev\.cache\firebase\emulators\ui-v1.15.0\server\
[debug] [2026-04-30T06:05:44.284Z] [unzip] Entry: server/server.mjs.map (compressed_size=217845 bytes, uncompressed_size=944978 bytes)
[debug] [2026-04-30T06:05:44.284Z] [unzip] Processing entry: server\server.mjs.map
[debug] [2026-04-30T06:05:44.284Z] [unzip] else mkdir: C:\Users\MikhaiLev\.cache\firebase\emulators\ui-v1.15.0\server
[debug] [2026-04-30T06:05:44.285Z] [unzip] deflating: C:\Users\MikhaiLev\.cache\firebase\emulators\ui-v1.15.0\server\server.mjs.map
[debug] [2026-04-30T06:05:44.289Z] [unzip] Entry: server/server.mjs (compressed_size=276407 bytes, uncompressed_size=933701 bytes)
[debug] [2026-04-30T06:05:44.289Z] [unzip] Processing entry: server\server.mjs
[debug] [2026-04-30T06:05:44.290Z] [unzip] else mkdir: C:\Users\MikhaiLev\.cache\firebase\emulators\ui-v1.15.0\server
[debug] [2026-04-30T06:05:44.290Z] [unzip] deflating: C:\Users\MikhaiLev\.cache\firebase\emulators\ui-v1.15.0\server\server.mjs
[debug] [2026-04-30T06:05:44.300Z] Could not find VSCode notification endpoint: FetchError: request to http://localhost:40001/vscode/notify failed, reason: . If you are not running the Firebase SQL Connect VSCode extension, this is expected and not an issue.
[info] 
┌─────────────────────────────────────────────────────────────┐
│ ✔  All emulators ready! It is now safe to connect your app. │
│ i  View Emulator UI at http://127.0.0.1:4000/               │
└─────────────────────────────────────────────────────────────┘

┌────────────────┬────────────────┬─────────────────────────────────┐
│ Emulator       │ Host:Port      │ View in Emulator UI             │
├────────────────┼────────────────┼─────────────────────────────────┤
│ Authentication │ 127.0.0.1:9099 │ http://127.0.0.1:4000/auth      │
├────────────────┼────────────────┼─────────────────────────────────┤
│ Firestore      │ 127.0.0.1:8080 │ http://127.0.0.1:4000/firestore │
└────────────────┴────────────────┴─────────────────────────────────┘
  Emulator Hub host: 127.0.0.1 port: 4401
  Other reserved ports: 4500, 9150

Issues? Report them at https://github.com/firebase/firebase-tools/issues and attach the *-debug.log files.
 
[debug] [2026-04-30T06:06:07.859Z] Apr 30, 2026 2:06:07 PM io.gapi.emulators.netty.HttpVersionRoutingHandler channelRead
INFO: Detected non-HTTP/2 connection.
 {"metadata":{"emulator":{"name":"firestore"},"message":"Apr 30, 2026 2:06:07 PM io.gapi.emulators.netty.HttpVersionRoutingHandler channelRead\r\nINFO: Detected non-HTTP/2 connection.\r\n"}}
[debug] [2026-04-30T06:06:08.373Z] Apr 30, 2026 2:06:08 PM io.gapi.emulators.netty.NotFoundHandler handleRequest
INFO: Unknown request URI: /v1/projects/inventory-system-demo/databases/(default)/documents
 {"metadata":{"emulator":{"name":"firestore"},"message":"Apr 30, 2026 2:06:08 PM io.gapi.emulators.netty.NotFoundHandler handleRequest\r\nINFO: Unknown request URI: /v1/projects/inventory-system-demo/databases/(default)/documents\r\n"}}
[debug] [2026-04-30T06:09:39.788Z] Apr 30, 2026 2:09:39 PM com.google.cloud.datastore.emulator.firestore.websocket.WebSocketChannelHandler initChannel
INFO: Connected to new websocket client
 {"metadata":{"emulator":{"name":"firestore"},"message":"Apr 30, 2026 2:09:39 PM com.google.cloud.datastore.emulator.firestore.websocket.WebSocketChannelHandler initChannel\r\nINFO: Connected to new websocket client\r\n"}}
[debug] [2026-04-30T06:09:40.134Z] Apr 30, 2026 2:09:40 PM com.google.cloud.datastore.emulator.firestore.websocket.WebSocketChannelHandler initChannel
INFO: Connected to new websocket client
 {"metadata":{"emulator":{"name":"firestore"},"message":"Apr 30, 2026 2:09:40 PM com.google.cloud.datastore.emulator.firestore.websocket.WebSocketChannelHandler initChannel\r\nINFO: Connected to new websocket client\r\n"}}
[debug] [2026-04-30T06:09:40.159Z] Apr 30, 2026 2:09:40 PM com.google.cloud.datastore.emulator.firestore.websocket.WebSocketChannelHandler initChannel
INFO: Connected to new websocket client
 {"metadata":{"emulator":{"name":"firestore"},"message":"Apr 30, 2026 2:09:40 PM com.google.cloud.datastore.emulator.firestore.websocket.WebSocketChannelHandler initChannel\r\nINFO: Connected to new websocket client\r\n"}}
[debug] [2026-04-30T06:09:40.174Z] Apr 30, 2026 2:09:40 PM com.google.cloud.datastore.emulator.firestore.websocket.WebSocketChannelHandler initChannel
INFO: Connected to new websocket client
 {"metadata":{"emulator":{"name":"firestore"},"message":"Apr 30, 2026 2:09:40 PM com.google.cloud.datastore.emulator.firestore.websocket.WebSocketChannelHandler initChannel\r\nINFO: Connected to new websocket client\r\n"}}
[debug] [2026-04-30T06:09:48.669Z] Apr 30, 2026 2:09:48 PM io.gapi.emulators.netty.HttpVersionRoutingHandler channelRead
INFO: Detected non-HTTP/2 connection.
 {"metadata":{"emulator":{"name":"firestore"},"message":"Apr 30, 2026 2:09:48 PM io.gapi.emulators.netty.HttpVersionRoutingHandler channelRead\r\nINFO: Detected non-HTTP/2 connection.\r\n"}}
[debug] [2026-04-30T06:09:49.952Z] Apr 30, 2026 2:09:49 PM io.gapi.emulators.netty.HttpVersionRoutingHandler channelRead
INFO: Detected HTTP/2 connection.
 {"metadata":{"emulator":{"name":"firestore"},"message":"Apr 30, 2026 2:09:49 PM io.gapi.emulators.netty.HttpVersionRoutingHandler channelRead\r\nINFO: Detected HTTP/2 connection.\r\n"}}
[debug] [2026-04-30T06:09:54.720Z] Apr 30, 2026 2:09:54 PM com.google.cloud.datastore.emulator.firestore.websocket.WebSocketChannelHandler channelClosed
INFO: Websocket client disconnected
 {"metadata":{"emulator":{"name":"firestore"},"message":"Apr 30, 2026 2:09:54 PM com.google.cloud.datastore.emulator.firestore.websocket.WebSocketChannelHandler channelClosed\r\nINFO: Websocket client disconnected\r\n"}}
[debug] [2026-04-30T06:09:54.888Z] Apr 30, 2026 2:09:54 PM com.google.cloud.datastore.emulator.firestore.websocket.WebSocketChannelHandler channelClosed
INFO: Websocket client disconnected
 {"metadata":{"emulator":{"name":"firestore"},"message":"Apr 30, 2026 2:09:54 PM com.google.cloud.datastore.emulator.firestore.websocket.WebSocketChannelHandler channelClosed\r\nINFO: Websocket client disconnected\r\n"}}
[debug] [2026-04-30T06:09:54.891Z] Apr 30, 2026 2:09:54 PM com.google.cloud.datastore.emulator.firestore.websocket.WebSocketChannelHandler channelClosed
INFO: Websocket client disconnected
 {"metadata":{"emulator":{"name":"firestore"},"message":"Apr 30, 2026 2:09:54 PM com.google.cloud.datastore.emulator.firestore.websocket.WebSocketChannelHandler channelClosed\r\nINFO: Websocket client disconnected\r\n"}}
[debug] [2026-04-30T06:09:55.453Z] Apr 30, 2026 2:09:55 PM com.google.cloud.datastore.emulator.firestore.websocket.WebSocketChannelHandler channelClosed
INFO: Websocket client disconnected
 {"metadata":{"emulator":{"name":"firestore"},"message":"Apr 30, 2026 2:09:55 PM com.google.cloud.datastore.emulator.firestore.websocket.WebSocketChannelHandler channelClosed\r\nINFO: Websocket client disconnected\r\n"}}
[debug] [2026-04-30T06:09:59.819Z] Apr 30, 2026 2:09:59 PM com.google.cloud.datastore.emulator.firestore.websocket.WebSocketChannelHandler initChannel
INFO: Connected to new websocket client
 {"metadata":{"emulator":{"name":"firestore"},"message":"Apr 30, 2026 2:09:59 PM com.google.cloud.datastore.emulator.firestore.websocket.WebSocketChannelHandler initChannel\r\nINFO: Connected to new websocket client\r\n"}}
[debug] [2026-04-30T06:10:04.245Z] Apr 30, 2026 2:10:04 PM io.gapi.emulators.netty.HttpVersionRoutingHandler channelRead
INFO: Detected non-HTTP/2 connection.
 {"metadata":{"emulator":{"name":"firestore"},"message":"Apr 30, 2026 2:10:04 PM io.gapi.emulators.netty.HttpVersionRoutingHandler channelRead\r\nINFO: Detected non-HTTP/2 connection.\r\n"}}
[debug] [2026-04-30T06:10:05.865Z] Apr 30, 2026 2:10:05 PM com.google.cloud.datastore.emulator.firestore.websocket.WebSocketChannelHandler channelClosed
INFO: Websocket client disconnected
 {"metadata":{"emulator":{"name":"firestore"},"message":"Apr 30, 2026 2:10:05 PM com.google.cloud.datastore.emulator.firestore.websocket.WebSocketChannelHandler channelClosed\r\nINFO: Websocket client disconnected\r\n"}}
[debug] [2026-04-30T06:18:21.081Z] Apr 30, 2026 2:18:21 PM io.gapi.emulators.netty.HttpVersionRoutingHandler channelRead
INFO: Detected HTTP/2 connection.
 {"metadata":{"emulator":{"name":"firestore"},"message":"Apr 30, 2026 2:18:21 PM io.gapi.emulators.netty.HttpVersionRoutingHandler channelRead\r\nINFO: Detected HTTP/2 connection.\r\n"}}
[debug] [2026-04-30T06:18:21.196Z] Multiple projectIds are not recommended in single project mode. Requested project ID inventorymanagement-8be56, but the emulator is configured for demo-no-project. To opt-out of single project mode add/set the '"singleProjectMode": false' property in the firebase.json emulators config.
 {"metadata":{"emulator":{"name":"firestore"},"message":"Multiple projectIds are not recommended in single project mode. Requested project ID inventorymanagement-8be56, but the emulator is configured for demo-no-project. To opt-out of single project mode add/set the '\"singleProjectMode\": false' property in the firebase.json emulators config.\r\n"}}
[debug] [2026-04-30T06:23:26.418Z] Multiple projectIds are not recommended in single project mode. Requested project ID inventorymanagement-8be56, but the emulator is configured for demo-no-project. To opt-out of single project mode add/set the '"singleProjectMode": false' property in the firebase.json emulators config.
 {"metadata":{"emulator":{"name":"firestore"},"message":"Multiple projectIds are not recommended in single project mode. Requested project ID inventorymanagement-8be56, but the emulator is configured for demo-no-project. To opt-out of single project mode add/set the '\"singleProjectMode\": false' property in the firebase.json emulators config.\r\n"}}
[debug] [2026-04-30T06:24:30.875Z] Multiple projectIds are not recommended in single project mode. Requested project ID inventorymanagement-8be56, but the emulator is configured for demo-no-project. To opt-out of single project mode add/set the '"singleProjectMode": false' property in the firebase.json emulators config.
 {"metadata":{"emulator":{"name":"firestore"},"message":"Multiple projectIds are not recommended in single project mode. Requested project ID inventorymanagement-8be56, but the emulator is configured for demo-no-project. To opt-out of single project mode add/set the '\"singleProjectMode\": false' property in the firebase.json emulators config.\r\n"}}
[debug] [2026-04-30T06:25:18.492Z] Multiple projectIds are not recommended in single project mode. Requested project ID inventorymanagement-8be56, but the emulator is configured for demo-no-project. To opt-out of single project mode add/set the '"singleProjectMode": false' property in the firebase.json emulators config.
 {"metadata":{"emulator":{"name":"firestore"},"message":"Multiple projectIds are not recommended in single project mode. Requested project ID inventorymanagement-8be56, but the emulator is configured for demo-no-project. To opt-out of single project mode add/set the '\"singleProjectMode\": false' property in the firebase.json emulators config.\r\n"}}
[debug] [2026-04-30T06:25:47.354Z] Multiple projectIds are not recommended in single project mode. Requested project ID inventorymanagement-8be56, but the emulator is configured for demo-no-project. To opt-out of single project mode add/set the '"singleProjectMode": false' property in the firebase.json emulators config.
 {"metadata":{"emulator":{"name":"firestore"},"message":"Multiple projectIds are not recommended in single project mode. Requested project ID inventorymanagement-8be56, but the emulator is configured for demo-no-project. To opt-out of single project mode add/set the '\"singleProjectMode\": false' property in the firebase.json emulators config.\r\n"}}
[debug] [2026-04-30T06:27:32.426Z] Multiple projectIds are not recommended in single project mode. Requested project ID inventorymanagement-8be56, but the emulator is configured for demo-no-project. To opt-out of single project mode add/set the '"singleProjectMode": false' property in the firebase.json emulators config.
 {"metadata":{"emulator":{"name":"firestore"},"message":"Multiple projectIds are not recommended in single project mode. Requested project ID inventorymanagement-8be56, but the emulator is configured for demo-no-project. To opt-out of single project mode add/set the '\"singleProjectMode\": false' property in the firebase.json emulators config.\r\n"}}
[debug] [2026-04-30T06:29:54.576Z] Multiple projectIds are not recommended in single project mode. Requested project ID inventorymanagement-8be56, but the emulator is configured for demo-no-project. To opt-out of single project mode add/set the '"singleProjectMode": false' property in the firebase.json emulators config.
 {"metadata":{"emulator":{"name":"firestore"},"message":"Multiple projectIds are not recommended in single project mode. Requested project ID inventorymanagement-8be56, but the emulator is configured for demo-no-project. To opt-out of single project mode add/set the '\"singleProjectMode\": false' property in the firebase.json emulators config.\r\n"}}
[debug] [2026-04-30T06:30:34.123Z] Multiple projectIds are not recommended in single project mode. Requested project ID inventorymanagement-8be56, but the emulator is configured for demo-no-project. To opt-out of single project mode add/set the '"singleProjectMode": false' property in the firebase.json emulators config.
 {"metadata":{"emulator":{"name":"firestore"},"message":"Multiple projectIds are not recommended in single project mode. Requested project ID inventorymanagement-8be56, but the emulator is configured for demo-no-project. To opt-out of single project mode add/set the '\"singleProjectMode\": false' property in the firebase.json emulators config.\r\n"}}
[debug] [2026-04-30T06:35:38.676Z] Multiple projectIds are not recommended in single project mode. Requested project ID inventorymanagement-8be56, but the emulator is configured for demo-no-project. To opt-out of single project mode add/set the '"singleProjectMode": false' property in the firebase.json emulators config.
 {"metadata":{"emulator":{"name":"firestore"},"message":"Multiple projectIds are not recommended in single project mode. Requested project ID inventorymanagement-8be56, but the emulator is configured for demo-no-project. To opt-out of single project mode add/set the '\"singleProjectMode\": false' property in the firebase.json emulators config.\r\n"}}
